#
# A fatal error has been detected by the Java Runtime Environment:
#
#  SIGSEGV (0xb) at pc=0x00007f15d7df28ee, pid=22427, tid=139731733473024
#
# JRE version: Java(TM) SE Runtime Environment (8.0_25-b17) (build 1.8.0_25-b17)
# Java VM: Java HotSpot(TM) 64-Bit Server VM (25.25-b02 mixed mode linux-amd64 compressed oops)
# Problematic frame:
# V  [libjvm.so+0x8738ee]  Method::checked_resolve_jmethod_id(_jmethodID*)+0x2e
#
# Failed to write core dump. Core dumps have been disabled. To enable core dumping, try "ulimit -c unlimited" before starting Java again
#
# If you would like to submit a bug report, please visit:
#   http://bugreport.sun.com/bugreport/crash.jsp
#

---------------  T H R E A D  ---------------

Current thread (0x00007f15d00bb800):  JavaThread "JDWP Transport Listener: dt_socket" daemon [_thread_in_vm, id=22440, stack(0x00007f15d4466000,0x00007f15d4567000)]

siginfo: si_signo: 11 (SIGSEGV), si_code: 128 (SI_KERNEL), si_addr: 0x0000000000000000

Registers:
RAX=0x0000000000000001, RBX=0x6c616963696e692f, RCX=0x00007f15d8efb320, RDX=0x00007f15d84d97e0
RSP=0x00007f15d4565690, RBP=0x00007f15d45656a0, RSI=0x00007f15d00bb800, RDI=0x00007f15b0006030
R8 =0x0000000000000000, R9 =0x00007f15b0003f40, R10=0x0000000000000010, R11=0x00007f15d868ae70
R12=0x0000000000000017, R13=0x00007f15b0006030, R14=0x00007f15d00bb800, R15=0x00007f15d45657a7
RIP=0x00007f15d7df28ee, EFLAGS=0x0000000000010202, CSGSFS=0x0000000000000033, ERR=0x0000000000000000
  TRAPNO=0x000000000000000d

Top of Stack: (sp=0x00007f15d4565690)
0x00007f15d4565690:   0000000000000074 00007f15d0003570
0x00007f15d45656a0:   00007f15d4565710 00007f15d7c87e5e
0x00007f15d45656b0:   00007f15b0003f40 00007f15d45656c0
0x00007f15d45656c0:   00007f15d00bb800 0000000000000000
0x00007f15d45656d0:   00007f1500000000 0000000000000000
0x00007f15d45656e0:   00007f15d4565700 00007f15d6c35d60
0x00007f15d45656f0:   00007f15b0006030 00007f15d45657a7
0x00007f15d4565700:   0000000000000001 00007f15d45657a7
0x00007f15d4565710:   00007f15d4565740 00007f15d6a21872
0x00007f15d4565720:   00007f15d4565740 00007f15b0006030
0x00007f15d4565730:   00007f15d4565810 0000000000000008
0x00007f15d4565740:   00007f15d45657d0 00007f15d6a02a60
0x00007f15d4565750:   00007f15d4565788 00007f15d4565780
0x00007f15d4565760:   00007f15d4565778 00007f15d456579c
0x00007f15d4565770:   00000001b0002de0 0000000000000000
0x00007f15d4565780:   0000000000000000 0000000000000000
0x00007f15d4565790:   00007f15b00061e0 00000009d4565810
0x00007f15d45657a0:   0000000000000002 0000000000000002
0x00007f15d45657b0:   000000000000000f 0000000000000002
0x00007f15d45657c0:   00000000000f0200 000000000000000f
0x00007f15d45657d0:   00007f15d4565a20 00007f15d6a0d976
0x00007f15d45657e0:   0000623f00000013 00007f15d70f0200
0x00007f15d45657f0:   00007f15a80010a0 0000000000000000
0x00007f15d4565800:   00007f15d4565810 00007f15d45659a0
0x00007f15d4565810:   00007f15d4565896 00007f15000000f6
0x00007f15d4565820:   00007f15d4565828 0000000000000036
0x00007f15d4565830:   00007f15d4565860 0000000000000000
0x00007f15d4565840:   00007f0000000000 0000623f0000001c
0x00007f15d4565850:   00007f1500005980 00007f15d4565860
0x00007f15d4565860:   157f000002000000 04000000403e00b0
0x00007f15d4565870:   160000006e69616d 2f6176616a4c5b28
0x00007f15d4565880:   7274532f676e616c 000056293b676e69 

Instructions: (pc=0x00007f15d7df28ee)
0x00007f15d7df28ce:   31 db 48 89 d8 48 83 c4 08 5b c9 c3 66 0f 1f 44
0x00007f15d7df28de:   00 00 48 8b 1f 48 85 db 74 e6 48 83 fb 37 74 e0
0x00007f15d7df28ee:   48 8b 03 48 89 df ff 50 10 84 c0 0f 1f 80 00 00
0x00007f15d7df28fe:   00 00 75 ce 66 0f 1f 44 00 00 eb c4 66 0f 1f 44 

Register to memory mapping:

RAX=0x0000000000000001 is an unknown value
RBX=0x6c616963696e692f is an unknown value
RCX=0x00007f15d8efb320: <offset 0x219320> in /lib/x86_64-linux-gnu/libpthread.so.0 at 0x00007f15d8ce2000
RDX=0x00007f15d84d97e0: <offset 0xf5a7e0> in /usr/lib/jvm/java-8-oracle/jre/lib/amd64/server/libjvm.so at 0x00007f15d757f000
RSP=0x00007f15d4565690 is pointing into the stack for thread: 0x00007f15d00bb800
RBP=0x00007f15d45656a0 is pointing into the stack for thread: 0x00007f15d00bb800
RSI=0x00007f15d00bb800 is a thread
RDI=0x00007f15b0006030 is an unknown value
R8 =0x0000000000000000 is an unknown value
R9 =0x00007f15b0003f40 is an unknown value
R10=0x0000000000000010 is an unknown value
R11=0x00007f15d868ae70: <offset 0x186e70> in /lib/x86_64-linux-gnu/libc.so.6 at 0x00007f15d8504000
R12=0x0000000000000017 is an unknown value
R13=0x00007f15b0006030 is an unknown value
R14=0x00007f15d00bb800 is a thread
R15=0x00007f15d45657a7 is pointing into the stack for thread: 0x00007f15d00bb800


Stack: [0x00007f15d4466000,0x00007f15d4567000],  sp=0x00007f15d4565690,  free space=1021k
Native frames: (J=compiled Java code, j=interpreted, Vv=VM code, C=native code)
V  [libjvm.so+0x8738ee]  Method::checked_resolve_jmethod_id(_jmethodID*)+0x2e
V  [libjvm.so+0x708e5e]  jvmti_IsMethodSynthetic+0x29e
C  [libjdwp.so+0x25872]  isMethodSynthetic+0x42
C  [libjdwp.so+0x6a60]  methods1+0x1b0
C  [libjdwp.so+0x11976]  debugLoop_run+0x2b6
C  [libjdwp.so+0x247af]  attachThread+0x2f
V  [libjvm.so+0x774bc2]  JvmtiAgentThread::call_start_function()+0xc2
V  [libjvm.so+0xa29e8f]  JavaThread::thread_main_inner()+0xdf
V  [libjvm.so+0xa29fbc]  JavaThread::run()+0x11c
V  [libjvm.so+0x8e7d48]  java_start(Thread*)+0x108
C  [libpthread.so.0+0x8182]  start_thread+0xc2


---------------  P R O C E S S  ---------------

Java Threads: ( => current thread )
  0x00007f15d00d0800 JavaThread "Service Thread" daemon [_thread_blocked, id=22449, stack(0x00007f15c0eff000,0x00007f15c1000000)]
  0x00007f15d00c3800 JavaThread "C1 CompilerThread1" daemon [_thread_blocked, id=22448, stack(0x00007f15d4062000,0x00007f15d4163000)]
  0x00007f15d00c1000 JavaThread "C2 CompilerThread0" daemon [_thread_blocked, id=22447, stack(0x00007f15d4163000,0x00007f15d4264000)]
  0x00007f15b0001000 JavaThread "JDWP Command Reader" daemon [_thread_in_native, id=22444, stack(0x00007f15d4264000,0x00007f15d4365000)]
  0x00007f15d00bf000 JavaThread "JDWP Event Helper Thread" daemon [_thread_blocked, id=22443, stack(0x00007f15d4365000,0x00007f15d4466000)]
=>0x00007f15d00bb800 JavaThread "JDWP Transport Listener: dt_socket" daemon [_thread_in_vm, id=22440, stack(0x00007f15d4466000,0x00007f15d4567000)]
  0x00007f15d00ac000 JavaThread "Signal Dispatcher" daemon [_thread_blocked, id=22438, stack(0x00007f15d476b000,0x00007f15d486c000)]
  0x00007f15d007f800 JavaThread "Finalizer" daemon [_thread_blocked, id=22436, stack(0x00007f15d486c000,0x00007f15d496d000)]
  0x00007f15d007d800 JavaThread "Reference Handler" daemon [_thread_blocked, id=22435, stack(0x00007f15d496d000,0x00007f15d4a6e000)]
  0x00007f15d0017000 JavaThread "main" [_thread_blocked, id=22432, stack(0x00007f15d900b000,0x00007f15d910c000)]

Other Threads:
  0x00007f15d0076800 VMThread [stack: 0x00007f15d4a6e000,0x00007f15d4b6f000] [id=22434]
  0x00007f15d00db800 WatcherThread [stack: 0x00007f15c0dfe000,0x00007f15c0eff000] [id=22450]

VM state:not at safepoint (normal execution)

VM Mutex/Monitor currently owned by a thread: None

Heap:
 def new generation   total 8640K, used 4487K [0x00000000e5e00000, 0x00000000e6750000, 0x00000000ee950000)
  eden space 7744K,  57% used [0x00000000e5e00000, 0x00000000e6261cf8, 0x00000000e6590000)
  from space 896K,   0% used [0x00000000e6590000, 0x00000000e6590000, 0x00000000e6670000)
  to   space 896K,   0% used [0x00000000e6670000, 0x00000000e6670000, 0x00000000e6750000)
 tenured generation   total 19136K, used 0K [0x00000000ee950000, 0x00000000efc00000, 0x0000000100000000)
   the space 19136K,   0% used [0x00000000ee950000, 0x00000000ee950000, 0x00000000ee950200, 0x00000000efc00000)
 Metaspace       used 3576K, capacity 4664K, committed 4864K, reserved 1056768K
  class space    used 389K, capacity 424K, committed 512K, reserved 1048576K

Card table byte_map: [0x00007f15d8f31000,0x00007f15d9003000] byte_map_base: 0x00007f15d8802000

Polling page: 0x00007f15d911f000

CodeCache: size=245760Kb used=1138Kb max_used=1138Kb free=244621Kb
 bounds [0x00007f15c1000000, 0x00007f15c1270000, 0x00007f15d0000000]
 total_blobs=278 nmethods=37 adapters=166
 compilation: enabled

Compilation events (10 events):
Event: 0.381 Thread 0x00007f15d00c3800   33       3       sun.misc.ASCIICaseInsensitiveComparator::toLower (16 bytes)
Event: 0.382 Thread 0x00007f15d00c3800 nmethod 33 0x00007f15c11193d0 code [0x00007f15c1119540, 0x00007f15c1119790]
Event: 0.382 Thread 0x00007f15d00c3800   34       3       sun.misc.ASCIICaseInsensitiveComparator::isUpper (18 bytes)
Event: 0.382 Thread 0x00007f15d00c3800 nmethod 34 0x00007f15c1119850 code [0x00007f15c11199c0, 0x00007f15c1119b70]
Event: 0.383 Thread 0x00007f15d00c3800   35       3       java.lang.CharacterData::of (120 bytes)
Event: 0.384 Thread 0x00007f15d00c3800 nmethod 35 0x00007f15c1119bd0 code [0x00007f15c1119d80, 0x00007f15c111a310]
Event: 0.384 Thread 0x00007f15d00c3800   36       3       java.lang.CharacterDataLatin1::getProperties (11 bytes)
Event: 0.384 Thread 0x00007f15d00c3800 nmethod 36 0x00007f15c111a590 code [0x00007f15c111a700, 0x00007f15c111a890]
Event: 0.384 Thread 0x00007f15d00c3800   37       3       java.lang.Character::toUpperCaseEx (30 bytes)
Event: 0.384 Thread 0x00007f15d00c3800 nmethod 37 0x00007f15c111a990 code [0x00007f15c111ab00, 0x00007f15c111ad58]

GC Heap History (0 events):
No events

Deoptimization events (0 events):
No events

Internal exceptions (10 events):
Event: 1.598 Thread 0x00007f15d0017000 Exception <a 'java/security/PrivilegedActionException'> (0x00000000e6183dd8) thrown at [/HUDSON/workspace/8-2-build-linux-amd64/jdk8u25/1514/hotspot/src/share/vm/prims/jvm.cpp, line 1312]
Event: 1.600 Thread 0x00007f15d0017000 Exception <a 'java/security/PrivilegedActionException'> (0x00000000e6189848) thrown at [/HUDSON/workspace/8-2-build-linux-amd64/jdk8u25/1514/hotspot/src/share/vm/prims/jvm.cpp, line 1312]
Event: 1.603 Thread 0x00007f15d0017000 Exception <a 'java/security/PrivilegedActionException'> (0x00000000e618ebf0) thrown at [/HUDSON/workspace/8-2-build-linux-amd64/jdk8u25/1514/hotspot/src/share/vm/prims/jvm.cpp, line 1312]
Event: 1.657 Thread 0x00007f15d0017000 Exception <a 'java/security/PrivilegedActionException'> (0x00000000e61bd820) thrown at [/HUDSON/workspace/8-2-build-linux-amd64/jdk8u25/1514/hotspot/src/share/vm/prims/jvm.cpp, line 1312]
Event: 1.661 Thread 0x00007f15d0017000 Exception <a 'java/security/PrivilegedActionException'> (0x00000000e61ced30) thrown at [/HUDSON/workspace/8-2-build-linux-amd64/jdk8u25/1514/hotspot/src/share/vm/prims/jvm.cpp, line 1312]
Event: 1.665 Thread 0x00007f15d0017000 Exception <a 'java/security/PrivilegedActionException'> (0x00000000e61d2030) thrown at [/HUDSON/workspace/8-2-build-linux-amd64/jdk8u25/1514/hotspot/src/share/vm/prims/jvm.cpp, line 1312]
Event: 1.667 Thread 0x00007f15d0017000 Exception <a 'java/security/PrivilegedActionException'> (0x00000000e61d6538) thrown at [/HUDSON/workspace/8-2-build-linux-amd64/jdk8u25/1514/hotspot/src/share/vm/prims/jvm.cpp, line 1312]
Event: 1.670 Thread 0x00007f15d0017000 Exception <a 'java/security/PrivilegedActionException'> (0x00000000e61dd3a0) thrown at [/HUDSON/workspace/8-2-build-linux-amd64/jdk8u25/1514/hotspot/src/share/vm/prims/jvm.cpp, line 1312]
Event: 1.912 Thread 0x00007f15d0017000 Exception <a 'java/security/PrivilegedActionException'> (0x00000000e61f3308) thrown at [/HUDSON/workspace/8-2-build-linux-amd64/jdk8u25/1514/hotspot/src/share/vm/prims/jvm.cpp, line 1312]
Event: 2.152 Thread 0x00007f15d0017000 Exception <a 'java/security/PrivilegedActionException'> (0x00000000e620e738) thrown at [/HUDSON/workspace/8-2-build-linux-amd64/jdk8u25/1514/hotspot/src/share/vm/prims/jvm.cpp, line 1312]

Events (10 events):
Event: 493.490 Executing VM operation: GetCurrentLocation
Event: 493.490 Executing VM operation: GetCurrentLocation done
Event: 493.491 Executing VM operation: EnterInterpOnlyMode
Event: 493.491 Executing VM operation: EnterInterpOnlyMode done
Event: 493.491 Executing VM operation: ChangeSingleStep
Event: 493.491 Executing VM operation: ChangeSingleStep done
Event: 493.491 Executing VM operation: ChangeSingleStep
Event: 493.491 Executing VM operation: ChangeSingleStep done
Event: 493.511 Executing VM operation: RedefineClasses
Event: 493.511 Executing VM operation: RedefineClasses done


Dynamic libraries:
00400000-00401000 r-xp 00000000 fc:00 942007                             /usr/lib/jvm/java-8-oracle/bin/java
00600000-00601000 rw-p 00000000 fc:00 942007                             /usr/lib/jvm/java-8-oracle/bin/java
01177000-01198000 rw-p 00000000 00:00 0                                  [heap]
e5e00000-e6750000 rw-p 00000000 00:00 0 
e6750000-ee950000 ---p 00000000 00:00 0 
ee950000-efc00000 rw-p 00000000 00:00 0 
efc00000-100000000 ---p 00000000 00:00 0 
100000000-100080000 rw-p 00000000 00:00 0 
100080000-140000000 ---p 00000000 00:00 0 
7f158c000000-7f158c021000 rw-p 00000000 00:00 0 
7f158c021000-7f1590000000 ---p 00000000 00:00 0 
7f1594000000-7f1594021000 rw-p 00000000 00:00 0 
7f1594021000-7f1598000000 ---p 00000000 00:00 0 
7f1598000000-7f1598021000 rw-p 00000000 00:00 0 
7f1598021000-7f159c000000 ---p 00000000 00:00 0 
7f159c000000-7f159c04e000 rw-p 00000000 00:00 0 
7f159c04e000-7f15a0000000 ---p 00000000 00:00 0 
7f15a0000000-7f15a0070000 rw-p 00000000 00:00 0 
7f15a0070000-7f15a4000000 ---p 00000000 00:00 0 
7f15a4000000-7f15a4021000 rw-p 00000000 00:00 0 
7f15a4021000-7f15a8000000 ---p 00000000 00:00 0 
7f15a8000000-7f15a8021000 rw-p 00000000 00:00 0 
7f15a8021000-7f15ac000000 ---p 00000000 00:00 0 
7f15ac000000-7f15ac021000 rw-p 00000000 00:00 0 
7f15ac021000-7f15b0000000 ---p 00000000 00:00 0 
7f15b0000000-7f15b0021000 rw-p 00000000 00:00 0 
7f15b0021000-7f15b4000000 ---p 00000000 00:00 0 
7f15b4000000-7f15b4021000 rw-p 00000000 00:00 0 
7f15b4021000-7f15b8000000 ---p 00000000 00:00 0 
7f15b8000000-7f15b8021000 rw-p 00000000 00:00 0 
7f15b8021000-7f15bc000000 ---p 00000000 00:00 0 
7f15bc000000-7f15bc021000 rw-p 00000000 00:00 0 
7f15bc021000-7f15c0000000 ---p 00000000 00:00 0 
7f15c0871000-7f15c0ae6000 rw-p 00000000 00:00 0 
7f15c0ae6000-7f15c0ae9000 ---p 00000000 00:00 0 
7f15c0ae9000-7f15c0be7000 rw-p 00000000 00:00 0 
7f15c0be7000-7f15c0bfd000 r-xp 00000000 fc:00 942098                     /usr/lib/jvm/java-8-oracle/jre/lib/amd64/libnet.so
7f15c0bfd000-7f15c0dfd000 ---p 00016000 fc:00 942098                     /usr/lib/jvm/java-8-oracle/jre/lib/amd64/libnet.so
7f15c0dfd000-7f15c0dfe000 rw-p 00016000 fc:00 942098                     /usr/lib/jvm/java-8-oracle/jre/lib/amd64/libnet.so
7f15c0dfe000-7f15c0dff000 ---p 00000000 00:00 0 
7f15c0dff000-7f15c0eff000 rw-p 00000000 00:00 0                          [stack:22450]
7f15c0eff000-7f15c0f02000 ---p 00000000 00:00 0 
7f15c0f02000-7f15c1000000 rw-p 00000000 00:00 0                          [stack:22449]
7f15c1000000-7f15c1270000 rwxp 00000000 00:00 0 
7f15c1270000-7f15d0000000 ---p 00000000 00:00 0 
7f15d0000000-7f15d014e000 rw-p 00000000 00:00 0 
7f15d014e000-7f15d4000000 ---p 00000000 00:00 0 
7f15d4031000-7f15d4062000 rw-p 00000000 00:00 0 
7f15d4062000-7f15d4065000 ---p 00000000 00:00 0 
7f15d4065000-7f15d4163000 rw-p 00000000 00:00 0                          [stack:22448]
7f15d4163000-7f15d4166000 ---p 00000000 00:00 0 
7f15d4166000-7f15d4264000 rw-p 00000000 00:00 0                          [stack:22447]
7f15d4264000-7f15d4267000 ---p 00000000 00:00 0 
7f15d4267000-7f15d4365000 rw-p 00000000 00:00 0                          [stack:22444]
7f15d4365000-7f15d4368000 ---p 00000000 00:00 0 
7f15d4368000-7f15d4466000 rw-p 00000000 00:00 0                          [stack:22443]
7f15d4466000-7f15d4469000 ---p 00000000 00:00 0 
7f15d4469000-7f15d4567000 rw-p 00000000 00:00 0                          [stack:22440]
7f15d4567000-7f15d456b000 r-xp 00000000 fc:00 942109                     /usr/lib/jvm/java-8-oracle/jre/lib/amd64/libdt_socket.so
7f15d456b000-7f15d476a000 ---p 00004000 fc:00 942109                     /usr/lib/jvm/java-8-oracle/jre/lib/amd64/libdt_socket.so
7f15d476a000-7f15d476b000 rw-p 00003000 fc:00 942109                     /usr/lib/jvm/java-8-oracle/jre/lib/amd64/libdt_socket.so
7f15d476b000-7f15d476e000 ---p 00000000 00:00 0 
7f15d476e000-7f15d486c000 rw-p 00000000 00:00 0                          [stack:22438]
7f15d486c000-7f15d486f000 ---p 00000000 00:00 0 
7f15d486f000-7f15d496d000 rw-p 00000000 00:00 0                          [stack:22436]
7f15d496d000-7f15d4970000 ---p 00000000 00:00 0 
7f15d4970000-7f15d4a6e000 rw-p 00000000 00:00 0                          [stack:22435]
7f15d4a6e000-7f15d4a6f000 ---p 00000000 00:00 0 
7f15d4a6f000-7f15d4bbe000 rw-p 00000000 00:00 0                          [stack:22434]
7f15d4bbe000-7f15d4d94000 r--s 03caa000 fc:00 942029                     /usr/lib/jvm/java-8-oracle/jre/lib/rt.jar
7f15d4d94000-7f15d52cd000 rw-p 00000000 00:00 0 
7f15d52cd000-7f15d568d000 ---p 00000000 00:00 0 
7f15d568d000-7f15d5697000 rw-p 00000000 00:00 0 
7f15d5697000-7f15d5719000 ---p 00000000 00:00 0 
7f15d5719000-7f15d5723000 rw-p 00000000 00:00 0 
7f15d5723000-7f15d5ad9000 ---p 00000000 00:00 0 
7f15d5ad9000-7f15d5af3000 r-xp 00000000 fc:00 942135                     /usr/lib/jvm/java-8-oracle/jre/lib/amd64/libzip.so
7f15d5af3000-7f15d5cf3000 ---p 0001a000 fc:00 942135                     /usr/lib/jvm/java-8-oracle/jre/lib/amd64/libzip.so
7f15d5cf3000-7f15d5cf4000 rw-p 0001a000 fc:00 942135                     /usr/lib/jvm/java-8-oracle/jre/lib/amd64/libzip.so
7f15d5cf4000-7f15d5cff000 r-xp 00000000 fc:00 782970                     /lib/x86_64-linux-gnu/libnss_files-2.19.so
7f15d5cff000-7f15d5efe000 ---p 0000b000 fc:00 782970                     /lib/x86_64-linux-gnu/libnss_files-2.19.so
7f15d5efe000-7f15d5eff000 r--p 0000a000 fc:00 782970                     /lib/x86_64-linux-gnu/libnss_files-2.19.so
7f15d5eff000-7f15d5f00000 rw-p 0000b000 fc:00 782970                     /lib/x86_64-linux-gnu/libnss_files-2.19.so
7f15d5f00000-7f15d5f0b000 r-xp 00000000 fc:00 783053                     /lib/x86_64-linux-gnu/libnss_nis-2.19.so
7f15d5f0b000-7f15d610a000 ---p 0000b000 fc:00 783053                     /lib/x86_64-linux-gnu/libnss_nis-2.19.so
7f15d610a000-7f15d610b000 r--p 0000a000 fc:00 783053                     /lib/x86_64-linux-gnu/libnss_nis-2.19.so
7f15d610b000-7f15d610c000 rw-p 0000b000 fc:00 783053                     /lib/x86_64-linux-gnu/libnss_nis-2.19.so
7f15d610c000-7f15d6123000 r-xp 00000000 fc:00 783003                     /lib/x86_64-linux-gnu/libnsl-2.19.so
7f15d6123000-7f15d6322000 ---p 00017000 fc:00 783003                     /lib/x86_64-linux-gnu/libnsl-2.19.so
7f15d6322000-7f15d6323000 r--p 00016000 fc:00 783003                     /lib/x86_64-linux-gnu/libnsl-2.19.so
7f15d6323000-7f15d6324000 rw-p 00017000 fc:00 783003                     /lib/x86_64-linux-gnu/libnsl-2.19.so
7f15d6324000-7f15d6326000 rw-p 00000000 00:00 0 
7f15d6326000-7f15d632f000 r-xp 00000000 fc:00 783002                     /lib/x86_64-linux-gnu/libnss_compat-2.19.so
7f15d632f000-7f15d652e000 ---p 00009000 fc:00 783002                     /lib/x86_64-linux-gnu/libnss_compat-2.19.so
7f15d652e000-7f15d652f000 r--p 00008000 fc:00 783002                     /lib/x86_64-linux-gnu/libnss_compat-2.19.so
7f15d652f000-7f15d6530000 rw-p 00009000 fc:00 783002                     /lib/x86_64-linux-gnu/libnss_compat-2.19.so
7f15d6530000-7f15d67f9000 r--p 00000000 fc:00 657282                     /usr/lib/locale/locale-archive
7f15d67f9000-7f15d67fb000 r-xp 00000000 fc:00 942088                     /usr/lib/jvm/java-8-oracle/jre/lib/amd64/libnpt.so
7f15d67fb000-7f15d69fb000 ---p 00002000 fc:00 942088                     /usr/lib/jvm/java-8-oracle/jre/lib/amd64/libnpt.so
7f15d69fb000-7f15d69fc000 rw-p 00002000 fc:00 942088                     /usr/lib/jvm/java-8-oracle/jre/lib/amd64/libnpt.so
7f15d69fc000-7f15d6a35000 r-xp 00000000 fc:00 942094                     /usr/lib/jvm/java-8-oracle/jre/lib/amd64/libjdwp.so
7f15d6a35000-7f15d6c34000 ---p 00039000 fc:00 942094                     /usr/lib/jvm/java-8-oracle/jre/lib/amd64/libjdwp.so
7f15d6c34000-7f15d6c36000 rw-p 00038000 fc:00 942094                     /usr/lib/jvm/java-8-oracle/jre/lib/amd64/libjdwp.so
7f15d6c36000-7f15d6c60000 r-xp 00000000 fc:00 942084                     /usr/lib/jvm/java-8-oracle/jre/lib/amd64/libjava.so
7f15d6c60000-7f15d6e60000 ---p 0002a000 fc:00 942084                     /usr/lib/jvm/java-8-oracle/jre/lib/amd64/libjava.so
7f15d6e60000-7f15d6e62000 rw-p 0002a000 fc:00 942084                     /usr/lib/jvm/java-8-oracle/jre/lib/amd64/libjava.so
7f15d6e62000-7f15d6e6f000 r-xp 00000000 fc:00 942093                     /usr/lib/jvm/java-8-oracle/jre/lib/amd64/libverify.so
7f15d6e6f000-7f15d706f000 ---p 0000d000 fc:00 942093                     /usr/lib/jvm/java-8-oracle/jre/lib/amd64/libverify.so
7f15d706f000-7f15d7071000 rw-p 0000d000 fc:00 942093                     /usr/lib/jvm/java-8-oracle/jre/lib/amd64/libverify.so
7f15d7071000-7f15d7078000 r-xp 00000000 fc:00 783036                     /lib/x86_64-linux-gnu/librt-2.19.so
7f15d7078000-7f15d7277000 ---p 00007000 fc:00 783036                     /lib/x86_64-linux-gnu/librt-2.19.so
7f15d7277000-7f15d7278000 r--p 00006000 fc:00 783036                     /lib/x86_64-linux-gnu/librt-2.19.so
7f15d7278000-7f15d7279000 rw-p 00007000 fc:00 783036                     /lib/x86_64-linux-gnu/librt-2.19.so
7f15d7279000-7f15d737e000 r-xp 00000000 fc:00 782965                     /lib/x86_64-linux-gnu/libm-2.19.so
7f15d737e000-7f15d757d000 ---p 00105000 fc:00 782965                     /lib/x86_64-linux-gnu/libm-2.19.so
7f15d757d000-7f15d757e000 r--p 00104000 fc:00 782965                     /lib/x86_64-linux-gnu/libm-2.19.so
7f15d757e000-7f15d757f000 rw-p 00105000 fc:00 782965                     /lib/x86_64-linux-gnu/libm-2.19.so
7f15d757f000-7f15d81ec000 r-xp 00000000 fc:00 942125                     /usr/lib/jvm/java-8-oracle/jre/lib/amd64/server/libjvm.so
7f15d81ec000-7f15d83eb000 ---p 00c6d000 fc:00 942125                     /usr/lib/jvm/java-8-oracle/jre/lib/amd64/server/libjvm.so
7f15d83eb000-7f15d84c1000 rw-p 00c6c000 fc:00 942125                     /usr/lib/jvm/java-8-oracle/jre/lib/amd64/server/libjvm.so
7f15d84c1000-7f15d8504000 rw-p 00000000 00:00 0 
7f15d8504000-7f15d86bf000 r-xp 00000000 fc:00 783026                     /lib/x86_64-linux-gnu/libc-2.19.so
7f15d86bf000-7f15d88be000 ---p 001bb000 fc:00 783026                     /lib/x86_64-linux-gnu/libc-2.19.so
7f15d88be000-7f15d88c2000 r--p 001ba000 fc:00 783026                     /lib/x86_64-linux-gnu/libc-2.19.so
7f15d88c2000-7f15d88c4000 rw-p 001be000 fc:00 783026                     /lib/x86_64-linux-gnu/libc-2.19.so
7f15d88c4000-7f15d88c9000 rw-p 00000000 00:00 0 
7f15d88c9000-7f15d88cc000 r-xp 00000000 fc:00 782981                     /lib/x86_64-linux-gnu/libdl-2.19.so
7f15d88cc000-7f15d8acb000 ---p 00003000 fc:00 782981                     /lib/x86_64-linux-gnu/libdl-2.19.so
7f15d8acb000-7f15d8acc000 r--p 00002000 fc:00 782981                     /lib/x86_64-linux-gnu/libdl-2.19.so
7f15d8acc000-7f15d8acd000 rw-p 00003000 fc:00 782981                     /lib/x86_64-linux-gnu/libdl-2.19.so
7f15d8acd000-7f15d8ae2000 r-xp 00000000 fc:00 935666                     /usr/lib/jvm/java-8-oracle/lib/amd64/jli/libjli.so
7f15d8ae2000-7f15d8ce1000 ---p 00015000 fc:00 935666                     /usr/lib/jvm/java-8-oracle/lib/amd64/jli/libjli.so
7f15d8ce1000-7f15d8ce2000 rw-p 00014000 fc:00 935666                     /usr/lib/jvm/java-8-oracle/lib/amd64/jli/libjli.so
7f15d8ce2000-7f15d8cfb000 r-xp 00000000 fc:00 783027                     /lib/x86_64-linux-gnu/libpthread-2.19.so
7f15d8cfb000-7f15d8efa000 ---p 00019000 fc:00 783027                     /lib/x86_64-linux-gnu/libpthread-2.19.so
7f15d8efa000-7f15d8efb000 r--p 00018000 fc:00 783027                     /lib/x86_64-linux-gnu/libpthread-2.19.so
7f15d8efb000-7f15d8efc000 rw-p 00019000 fc:00 783027                     /lib/x86_64-linux-gnu/libpthread-2.19.so
7f15d8efc000-7f15d8f00000 rw-p 00000000 00:00 0 
7f15d8f00000-7f15d8f23000 r-xp 00000000 fc:00 783016                     /lib/x86_64-linux-gnu/ld-2.19.so
7f15d8f2c000-7f15d8f2f000 rw-p 00000000 00:00 0 
7f15d8f2f000-7f15d8f31000 r--s 00012000 fc:00 812483                     /home/ubuntu/Documents/ODLFlowDPI/lib/jettison-1.3.4.jar
7f15d8f31000-7f15d8f36000 rw-p 00000000 00:00 0 
7f15d8f36000-7f15d8f76000 ---p 00000000 00:00 0 
7f15d8f76000-7f15d8f80000 rw-p 00000000 00:00 0 
7f15d8f80000-7f15d9002000 ---p 00000000 00:00 0 
7f15d9002000-7f15d9003000 rw-p 00000000 00:00 0 
7f15d9003000-7f15d900b000 rw-s 00000000 fc:00 294935                     /tmp/hsperfdata_ubuntu/22427
7f15d900b000-7f15d900e000 ---p 00000000 00:00 0 
7f15d900e000-7f15d9110000 rw-p 00000000 00:00 0                          [stack:22432]
7f15d9110000-7f15d9117000 r--s 0003a000 fc:00 812481                     /home/ubuntu/Documents/ODLFlowDPI/lib/commons-codec-1.8.jar
7f15d9117000-7f15d911e000 r--s 00000000 fc:00 684927                     /usr/lib/x86_64-linux-gnu/gconv/gconv-modules.cache
7f15d911e000-7f15d911f000 rw-p 00000000 00:00 0 
7f15d911f000-7f15d9120000 r--p 00000000 00:00 0 
7f15d9120000-7f15d9122000 rw-p 00000000 00:00 0 
7f15d9122000-7f15d9123000 r--p 00022000 fc:00 783016                     /lib/x86_64-linux-gnu/ld-2.19.so
7f15d9123000-7f15d9124000 rw-p 00023000 fc:00 783016                     /lib/x86_64-linux-gnu/ld-2.19.so
7f15d9124000-7f15d9125000 rw-p 00000000 00:00 0 
7fffa9e72000-7fffa9e93000 rw-p 00000000 00:00 0                          [stack]
7fffa9ffe000-7fffaa000000 r-xp 00000000 00:00 0                          [vdso]
ffffffffff600000-ffffffffff601000 r-xp 00000000 00:00 0                  [vsyscall]

VM Arguments:
jvm_args: -agentlib:jdwp=transport=dt_socket,suspend=y,address=localhost:47296 -Dfile.encoding=ANSI_X3.4-1968 
java_command: FlowReciverNB.RestInterfaceReciever
java_class_path (initial): /home/ubuntu/Documents/ODLFlowDPI/bin:/home/ubuntu/Documents/ODLFlowDPI/lib/commons-codec-1.8.jar:/home/ubuntu/Documents/ODLFlowDPI/lib/jettison-1.3.4.jar
Launcher Type: SUN_STANDARD

Environment Variables:
JAVA_HOME=/usr/lib/jvm/java-8-oracle
PATH=/opt/local/bin:/sbin/:/opt/local/bin:/sbin/:/usr/local/sbin:/usr/local/bin:/usr/sbin:/usr/bin:/sbin:/bin:/usr/games:/usr/local/games:/usr/lib/jvm/java-8-oracle/bin:/usr/lib/jvm/java-8-oracle/db/bin:/usr/lib/jvm/java-8-oracle/jre/bin:/usr/local/google_appengine/:/home/ubuntu/.rvm/bin:/home/ubuntu/bin:/home/ubuntu/.rvm/bin:/usr/local/google_appengine/:/home/ubuntu/.rvm/bin:/home/ubuntu/bin
SHELL=/bin/bash
DISPLAY=localhost:10.0

Signal Handlers:
SIGSEGV: [libjvm.so+0xa79a80], sa_mask[0]=11111111011111111101111111111110, sa_flags=SA_RESTART|SA_SIGINFO
SIGBUS: [libjvm.so+0xa79a80], sa_mask[0]=11111111011111111101111111111110, sa_flags=SA_RESTART|SA_SIGINFO
SIGFPE: [libjvm.so+0x8e24e0], sa_mask[0]=11111111011111111101111111111110, sa_flags=SA_RESTART|SA_SIGINFO
SIGPIPE: [libjvm.so+0x8e24e0], sa_mask[0]=11111111011111111101111111111110, sa_flags=SA_RESTART|SA_SIGINFO
SIGXFSZ: [libjvm.so+0x8e24e0], sa_mask[0]=11111111011111111101111111111110, sa_flags=SA_RESTART|SA_SIGINFO
SIGILL: [libjvm.so+0x8e24e0], sa_mask[0]=11111111011111111101111111111110, sa_flags=SA_RESTART|SA_SIGINFO
SIGUSR1: SIG_DFL, sa_mask[0]=00000000000000000000000000000000, sa_flags=none
SIGUSR2: [libjvm.so+0x8e3d10], sa_mask[0]=00100000000000000000000000000000, sa_flags=SA_RESTART|SA_SIGINFO
SIGHUP: [libjvm.so+0x8e50d0], sa_mask[0]=11111111011111111101111111111110, sa_flags=SA_RESTART|SA_SIGINFO
SIGINT: [libjvm.so+0x8e50d0], sa_mask[0]=11111111011111111101111111111110, sa_flags=SA_RESTART|SA_SIGINFO
SIGTERM: [libjvm.so+0x8e50d0], sa_mask[0]=11111111011111111101111111111110, sa_flags=SA_RESTART|SA_SIGINFO
SIGQUIT: [libjvm.so+0x8e50d0], sa_mask[0]=11111111011111111101111111111110, sa_flags=SA_RESTART|SA_SIGINFO


---------------  S Y S T E M  ---------------

OS:DISTRIB_ID=Ubuntu
DISTRIB_RELEASE=14.04
DISTRIB_CODENAME=trusty
DISTRIB_DESCRIPTION="Ubuntu 14.04.1 LTS"

uname:Linux 3.13.0-24-generic #47-Ubuntu SMP Fri May 2 23:30:00 UTC 2014 x86_64
libc:glibc 2.19 NPTL 2.19 
rlimit: STACK 8192k, CORE 0k, NPROC 13175, NOFILE 4096, AS infinity
load average:0.05 0.10 0.17

/proc/meminfo:
MemTotal:        1708996 kB
MemFree:           73560 kB
Buffers:           13288 kB
Cached:           166156 kB
SwapCached:         2056 kB
Active:          1070660 kB
Inactive:         416772 kB
Active(anon):     983816 kB
Inactive(anon):   330992 kB
Active(file):      86844 kB
Inactive(file):    85780 kB
Unevictable:       33448 kB
Mlocked:           33448 kB
SwapTotal:       1048572 kB
SwapFree:        1023340 kB
Dirty:                76 kB
Writeback:             0 kB
AnonPages:       1340248 kB
Mapped:            37912 kB
Shmem:                20 kB
Slab:              75668 kB
SReclaimable:      59580 kB
SUnreclaim:        16088 kB
KernelStack:        3192 kB
PageTables:         8204 kB
NFS_Unstable:          0 kB
Bounce:                0 kB
WritebackTmp:          0 kB
CommitLimit:     1903068 kB
Committed_AS:    1610848 kB
VmallocTotal:   34359738367 kB
VmallocUsed:       27788 kB
VmallocChunk:   34359704312 kB
HardwareCorrupted:     0 kB
AnonHugePages:    278528 kB
HugePages_Total:       0
HugePages_Free:        0
HugePages_Rsvd:        0
HugePages_Surp:        0
Hugepagesize:       2048 kB
DirectMap4k:       52160 kB
DirectMap2M:     1699840 kB


CPU:total 2 (2 cores per cpu, 1 threads per core) family 6 model 42 stepping 7, cmov, cx8, fxsr, mmx, sse, sse2, sse3, ssse3, tsc

/proc/cpuinfo:
processor	: 0
vendor_id	: GenuineIntel
cpu family	: 6
model		: 42
model name	: Intel(R) Core(TM) i3-2350M CPU @ 2.30GHz
stepping	: 7
cpu MHz		: 2293.625
cache size	: 6144 KB
physical id	: 0
siblings	: 2
core id		: 0
cpu cores	: 2
apicid		: 0
initial apicid	: 0
fpu		: yes
fpu_exception	: yes
cpuid level	: 5
wp		: yes
flags		: fpu vme de pse tsc msr pae mce cx8 apic sep mtrr pge mca cmov pat pse36 clflush mmx fxsr sse sse2 ht syscall nx rdtscp lm constant_tsc rep_good nopl pni ssse3 lahf_lm
bogomips	: 4587.25
clflush size	: 64
cache_alignment	: 64
address sizes	: 36 bits physical, 48 bits virtual
power management:

processor	: 1
vendor_id	: GenuineIntel
cpu family	: 6
model		: 42
model name	: Intel(R) Core(TM) i3-2350M CPU @ 2.30GHz
stepping	: 7
cpu MHz		: 2293.625
cache size	: 6144 KB
physical id	: 0
siblings	: 2
core id		: 1
cpu cores	: 2
apicid		: 1
initial apicid	: 1
fpu		: yes
fpu_exception	: yes
cpuid level	: 5
wp		: yes
flags		: fpu vme de pse tsc msr pae mce cx8 apic sep mtrr pge mca cmov pat pse36 clflush mmx fxsr sse sse2 ht syscall nx rdtscp lm constant_tsc rep_good nopl pni ssse3 lahf_lm
bogomips	: 4587.25
clflush size	: 64
cache_alignment	: 64
address sizes	: 36 bits physical, 48 bits virtual
power management:



Memory: 4k page, physical 1708996k(73560k free), swap 1048572k(1023340k free)

vm_info: Java HotSpot(TM) 64-Bit Server VM (25.25-b02) for linux-amd64 JRE (1.8.0_25-b17), built on Sep 17 2014 17:32:11 by "java_re" with gcc 4.3.0 20080428 (Red Hat 4.3.0-8)

time: Mon Jun  1 10:57:17 2015
elapsed time: 493 seconds (0d 0h 8m 13s)

